npm error code ERESOLVE
npm error ERESOLVE unable to resolve dependency tree
npm error
npm error While resolving: music-player@1.0.0
npm error Found: react@19.1.0
npm error node_modules/react
npm error   react@"19.1.0" from the root project
npm error
npm error Could not resolve dependency:
npm error peer react@"^19.1.1" from react-native@0.82.0
npm error node_modules/react-native
npm error   react-native@"0.82.0" from the root project
npm error
npm error Fix the upstream dependency conflict, or retry
npm error this command with --force or --legacy-peer-deps
npm error to accept an incorrect (and potentially broken) dependency resolution.
npm error
npm error
npm error For a full report see:
npm error C:\Users\91878\AppData\Local\npm-cache\_logs\2026-04-14T09_42_25_511Z-eresolve-report.txt
npm error A complete log of this run can be found in: C:\Users\91878\AppData\Local\npm-cache\_logs\2026-04-14T09_42_25_511Z-debug-0.log
